<?xml version="1.0" encoding="UTF-8"?>
<!-- Generated by org.testng.reporters.JUnitReportReporter -->
<testsuite skipped="0" hostname="Keerthana" name="org.lsac.tests.VerifyJDAccountSignInTest" tests="1" failures="0" timestamp="06 May 2020 19:07:45 GMT" time="41.206" errors="0">
  <testcase name="signIn" time="41.206" classname="org.lsac.tests.VerifyJDAccountSignInTest"/>
</testsuite> <!-- org.lsac.tests.VerifyJDAccountSignInTest -->
