<?xml version="1.0" encoding="UTF-8"?>
<!-- Generated by org.testng.reporters.JUnitReportReporter -->
<testsuite skipped="0" hostname="Keerthana" name="org.lsac.tests.VerifySearchCountLinks" tests="1" failures="0" timestamp="06 May 2020 21:40:47 GMT" time="19.730" errors="0">
  <testcase name="verifySearchCountLinks" time="19.730" classname="org.lsac.tests.VerifySearchCountLinks"/>
</testsuite> <!-- org.lsac.tests.VerifySearchCountLinks -->
